<?xml version="1.0" encoding="UTF-8"?>
<testng-results skipped="0" failed="0" ignored="0" total="1" passed="1">
  <reporter-output>
  </reporter-output>
  <suite name="InetBanking" duration-ms="17524" started-at="2021-05-21T07:50:11Z" finished-at="2021-05-21T07:50:29Z">
    <groups>
    </groups>
    <test name="BankingApp Test" duration-ms="17524" started-at="2021-05-21T07:50:11Z" finished-at="2021-05-21T07:50:29Z">
      <class name="com.iNetBanking.TestCases.TC_AddCustomerTest_003">
        <test-method status="PASS" signature="setup(java.lang.String)[pri:0, instance:com.iNetBanking.TestCases.TC_AddCustomerTest_003@57baeedf]" name="setup" is-config="true" duration-ms="6306" started-at="2021-05-21T13:20:12Z" finished-at="2021-05-21T13:20:18Z">
          <params>
            <param index="0">
              <value>
                <![CDATA[chrome]]>
              </value>
            </param>
          </params>
          <reporter-output>
          </reporter-output>
        </test-method> <!-- setup -->
        <test-method status="PASS" signature="addNewCustomer()[pri:0, instance:com.iNetBanking.TestCases.TC_AddCustomerTest_003@57baeedf]" name="addNewCustomer" duration-ms="10192" started-at="2021-05-21T13:20:18Z" finished-at="2021-05-21T13:20:28Z">
          <reporter-output>
          </reporter-output>
        </test-method> <!-- addNewCustomer -->
        <test-method status="PASS" signature="tearDown()[pri:0, instance:com.iNetBanking.TestCases.TC_AddCustomerTest_003@57baeedf]" name="tearDown" is-config="true" duration-ms="838" started-at="2021-05-21T13:20:28Z" finished-at="2021-05-21T13:20:29Z">
          <reporter-output>
          </reporter-output>
        </test-method> <!-- tearDown -->
      </class> <!-- com.iNetBanking.TestCases.TC_AddCustomerTest_003 -->
    </test> <!-- BankingApp Test -->
  </suite> <!-- InetBanking -->
</testng-results>
